0 info it worked if it ends with ok
1 verbose cli [ '/home/rebel/.nvm/versions/node/v4.4.1/bin/node',
1 verbose cli   '/home/rebel/.nvm/versions/node/v4.4.1/bin/npm',
1 verbose cli   'run',
1 verbose cli   'start' ]
2 info using npm@3.10.7
3 info using node@v4.4.1
4 verbose run-script [ 'prestart', 'start', 'poststart' ]
5 info lifecycle app-portfolio@1.0.0~prestart: app-portfolio@1.0.0
6 silly lifecycle app-portfolio@1.0.0~prestart: no script for prestart, continuing
7 info lifecycle app-portfolio@1.0.0~start: app-portfolio@1.0.0
8 verbose lifecycle app-portfolio@1.0.0~start: unsafe-perm in lifecycle true
9 verbose lifecycle app-portfolio@1.0.0~start: PATH: /home/rebel/.nvm/versions/node/v4.4.1/lib/node_modules/npm/bin/node-gyp-bin:/home/rebel/dev/repo/gitlab/app-portfolio/node_modules/.bin:/home/rebel/.nvm/versions/node/v4.4.1/bin:/usr/local/sbin:/usr/local/bin:/usr/sbin:/usr/bin:/sbin:/bin:/usr/games:/usr/local/games:/home/rebel/.npm-packages/bin
10 verbose lifecycle app-portfolio@1.0.0~start: CWD: /home/rebel/dev/repo/gitlab/app-portfolio
11 silly lifecycle app-portfolio@1.0.0~start: Args: [ '-c', 'npm run server' ]
12 silly lifecycle app-portfolio@1.0.0~start: Returned: code: 1  signal: null
13 info lifecycle app-portfolio@1.0.0~start: Failed to exec start script
14 verbose stack Error: app-portfolio@1.0.0 start: `npm run server`
14 verbose stack Exit status 1
14 verbose stack     at EventEmitter.<anonymous> (/home/rebel/.nvm/versions/node/v4.4.1/lib/node_modules/npm/lib/utils/lifecycle.js:255:16)
14 verbose stack     at emitTwo (events.js:87:13)
14 verbose stack     at EventEmitter.emit (events.js:172:7)
14 verbose stack     at ChildProcess.<anonymous> (/home/rebel/.nvm/versions/node/v4.4.1/lib/node_modules/npm/lib/utils/spawn.js:40:14)
14 verbose stack     at emitTwo (events.js:87:13)
14 verbose stack     at ChildProcess.emit (events.js:172:7)
14 verbose stack     at maybeClose (internal/child_process.js:827:16)
14 verbose stack     at Process.ChildProcess._handle.onexit (internal/child_process.js:211:5)
15 verbose pkgid app-portfolio@1.0.0
16 verbose cwd /home/rebel/dev/repo/gitlab/app-portfolio/config
17 error Linux 3.19.0-25-generic
18 error argv "/home/rebel/.nvm/versions/node/v4.4.1/bin/node" "/home/rebel/.nvm/versions/node/v4.4.1/bin/npm" "run" "start"
19 error node v4.4.1
20 error npm  v3.10.7
21 error code ELIFECYCLE
22 error app-portfolio@1.0.0 start: `npm run server`
22 error Exit status 1
23 error Failed at the app-portfolio@1.0.0 start script 'npm run server'.
23 error Make sure you have the latest version of node.js and npm installed.
23 error If you do, this is most likely a problem with the app-portfolio package,
23 error not with npm itself.
23 error Tell the author that this fails on your system:
23 error     npm run server
23 error You can get information on how to open an issue for this project with:
23 error     npm bugs app-portfolio
23 error Or if that isn't available, you can get their info via:
23 error     npm owner ls app-portfolio
23 error There is likely additional logging output above.
24 verbose exit [ 1, true ]
